<?xml version="1.0" encoding="UTF-8"?>
<testsuite xmlns:xsi="http://www.w3.org/2001/XMLSchema-instance" xsi:noNamespaceSchemaLocation="https://maven.apache.org/surefire/maven-surefire-plugin/xsd/surefire-test-report.xsd" name="com.project.repository.DetailRepositoryTest" time="4.106" tests="6" errors="0" skipped="0" failures="0">
  <properties>
[...]
</properties>
  <testcase name="deleteDetailByDateAndCategory" classname="com.project.repository.DetailRepositoryTest" time="0.214"/>
  <testcase name="deleteDetailByDate" classname="com.project.repository.DetailRepositoryTest" time="0.007"/>
  <testcase name="findDetailByCategory" classname="com.project.repository.DetailRepositoryTest" time="0.006"/>
  <testcase name="findDetailByDate" classname="com.project.repository.DetailRepositoryTest" time="0.006"/>
  <testcase name="count" classname="com.project.repository.DetailRepositoryTest" time="0.004"/>
  <testcase name="findDetailByDateAndCategory" classname="com.project.repository.DetailRepositoryTest" time="0.005"/>
</testsuite>